

> web@0.1.0 build /Users/mi/Desktop/MEDVITA HEALTH SOLUTIONS WORK/medelise/apps/web
> next build

[1m[38;2;173;127;168m▲ Next.js 16.1.6[39m[22m (Turbopack)

[37m[1m [22m[39m Creating an optimized production build ...
[32m[1m✓[22m[39m Compiled successfully in 2.9s
[?25l[37m[1m [22m[39m Running TypeScript  [36m.[39m[2K[1G[37m[1m [22m[39m Running TypeScript  [36m..[39m[2K[1G[37m[1m [22m[39m Running TypeScript  [36m...[39m[2K[1G[37m[1m [22m[39m Running TypeScript  [36m.[39m[2K[1G[37m[1m [22m[39m Running TypeScript  [36m..[39m[2K[1G[37m[1m [22m[39m Running TypeScript  [36m...[39m[2K[1G[37m[1m [22m[39m Running TypeScript  [36m.[39m[2K[1G[37m[1m [22m[39m Running TypeScript  [36m..[39m[2K[1G[37m[1m [22m[39m Running TypeScript  [36m...[39m[2K[1G[37m[1m [22m[39m Running TypeScript  [36m.[39m[2K[1G[37m[1m [22m[39m Running TypeScript  [36m..[39m[2K[1G[37m[1m [22m[39m Running TypeScript  [36m...[39m[2K[1G[37m[1m [22m[39m Running TypeScript  [36m.[39m[2K[1G[37m[1m [22m[39m Running TypeScript  [36m..[39m[2K[1G[37m[1m [22m[39m Running TypeScript  [36m...[39m[2K[1G[37m[1m [22m[39m Running TypeScript  [36m.[39m[2K[1G[37m[1m [22m[39m Running TypeScript  [36m..[39m[2K[1G[37m[1m [22m[39m Running TypeScript  [36m...[39m[2K[1G[37m[1m [22m[39m Running TypeScript  [36m.[39m[2K[1G[37m[1m [22m[39m Running TypeScript  [36m..[39m[2K[1G[37m[1m [22m[39m Running TypeScript  [36m...[39m[2K[1G[37m[1m [22m[39m Running TypeScript  [36m.[39m[2K[1G[37m[1m [22m[39m Running TypeScript  [36m..[39m[2K[1G[37m[1m [22m[39m Running TypeScript  [36m...[39m[2K[1G[37m[1m [22m[39m Running TypeScript  [36m.[39m[2K[1G[37m[1m [22m[39m Running TypeScript  [36m..[39m[2K[1G[37m[1m [22m[39m Running TypeScript  [36m...[39m[2K[1G[37m[1m [22m[39m Running TypeScript  [36m.[39m[2K[1G[37m[1m [22m[39m Running TypeScript  [36m..[39m[2K[1G[?25h[?25l[37m[1m [22m[39m Finished TypeScript in 5.7s  [36m.[39m[2K[1G[?25h[37m[1m [22m[39m Finished TypeScript in 5.7s    [32m[1m✓[22m[39m Finished TypeScript in 5.7s 
[?25l[37m[1m [22m[39m Collecting page data using 7 workers  [36m.[39m[2K[1G[37m[1m [22m[39m Collecting page data using 7 workers  [36m..[39m[2K[1G[37m[1m [22m[39m Collecting page data using 7 workers  [36m...[39m[2K[1G[37m[1m [22m[39m Collecting page data using 7 workers  [36m.[39m[2K[1G[?25h[37m[1m [22m[39m Collecting page data using 7 workers in 675.5ms    [32m[1m✓[22m[39m Collecting page data using 7 workers in 675.5ms 
[?25l[37m[1m [22m[39m Generating static pages using 7 workers (0/50)  [36m[    ][39m[2K[1G[37m[1m [22m[39m Generating static pages using 7 workers (0/50)  [36m[=   ][39m[2K[1G[37m[1m [22m[39m Generating static pages using 7 workers (16/50)  [36m[==  ][39m[2K[1G[37m[1m [22m[39m Generating static pages using 7 workers (33/50)  [36m[=== ][39m[2K[1G[?25h[32m[1m✓[22m[39m Generating static pages using 7 workers (50/50) in 774.4ms
[?25l[37m[1m [22m[39m Finalizing page optimization  [36m.[39m[2K[1G[?25h[37m[1m [22m[39m Finalizing page optimization in 13.4ms    [32m[1m✓[22m[39m Finalizing page optimization in 13.4ms 

[4mRoute (app)[24m
┌ ○ /
├ ○ /_not-found
├ ○ /admin
├ ○ /assistant
├ ○ /button-demo
├ ○ /cariera
├ ● /cariera/[slug]
│ ├ /cariera/asistent-medical-generalist
│ ├ /cariera/ambulantier
│ ├ /cariera/medic-de-familie
│ └ /cariera/asistent-coordonator
├ ● /cariera/[slug]/aplica
│ ├ /cariera/asistent-medical-generalist/aplica
│ ├ /cariera/ambulantier/aplica
│ ├ /cariera/medic-de-familie/aplica
│ └ /cariera/asistent-coordonator/aplica
├ ○ /contact
├ ○ /despre-noi
├ ○ /faq
├ ○ /iv-drip-therapy
├ ○ /iv-drip-therapy/all-inclusive
├ ○ /iv-drip-therapy/anti-mahmureala
├ ○ /iv-drip-therapy/boost-de-energie
├ ○ /iv-drip-therapy/boost-de-imunitate
├ ○ /iv-drip-therapy/calmarea-migrenelor
├ ○ /iv-drip-therapy/deshidratare
├ ○ /iv-drip-therapy/fertility-plus
├ ○ /iv-drip-therapy/frumusete
├ ○ /iv-drip-therapy/gastroenterita
├ ○ /iv-drip-therapy/myers-cocktail
├ ○ /iv-drip-therapy/recuperare
├ ○ /iv-drip-therapy/super-boost-de-imunitate
├ ○ /login
├ ○ /patient
├ ○ /politica-confidentialitate
├ ○ /politica-cookies
├ ○ /programare
├ ○ /servicii/administrare-tratamente
├ ○ /servicii/consultatii-medicale
├ ○ /servicii/ingrijire-seniori-paliativa
├ ○ /servicii/ingrijiri-postoperatorii-plagi
├ ○ /servicii/ingrijiri-suport-confort
├ ○ /servicii/kinetoterapie-recuperare
├ ○ /servicii/masaj-terapeutic-relaxare
├ ○ /servicii/monitorizare-diagnostic
├ ○ /servicii/pachete-planuri-medicale
├ ○ /servicii/profilaxie-preventie
├ ○ /servicii/servicii-laborator-domiciliu
├ ○ /servicii/telemedicina
└ ○ /termeni-si-conditii


○  (Static)  prerendered as static content
●  (SSG)     prerendered as static HTML (uses [36mgenerateStaticParams[39m)

[?25h
